C:\USERS\TOM\DOCUMENTS\RESEARCH\OPENWORM\BIONET\SRC\RELEASE\BIONET.CPP.NATIVECODEANALYSIS.XML
C:\USERS\TOM\DOCUMENTS\RESEARCH\OPENWORM\BIONET\SRC\RELEASE\BIONET.OBJ
C:\USERS\TOM\DOCUMENTS\RESEARCH\OPENWORM\BIONET\SRC\RELEASE\VC110.PDB
C:\USERS\TOM\DOCUMENTS\RESEARCH\OPENWORM\BIONET\SRC\RELEASE\NETWORKMORPH.CPP.NATIVECODEANALYSIS.XML
C:\USERS\TOM\DOCUMENTS\RESEARCH\OPENWORM\BIONET\SRC\RELEASE\NETWORKMORPH.OBJ
C:\USERS\TOM\DOCUMENTS\RESEARCH\OPENWORM\BIONET\SRC\RELEASE\FILEIO.CPP.NATIVECODEANALYSIS.XML
C:\USERS\TOM\DOCUMENTS\RESEARCH\OPENWORM\BIONET\SRC\RELEASE\FILEIO.OBJ
C:\USERS\TOM\DOCUMENTS\RESEARCH\OPENWORM\BIONET\SRC\RELEASE\GETTIME.CPP.NATIVECODEANALYSIS.XML
C:\USERS\TOM\DOCUMENTS\RESEARCH\OPENWORM\BIONET\SRC\RELEASE\GETTIME.OBJ
C:\USERS\TOM\DOCUMENTS\RESEARCH\OPENWORM\BIONET\SRC\RELEASE\NETWORK.CPP.NATIVECODEANALYSIS.XML
C:\USERS\TOM\DOCUMENTS\RESEARCH\OPENWORM\BIONET\SRC\RELEASE\NETWORK.OBJ
C:\USERS\TOM\DOCUMENTS\RESEARCH\OPENWORM\BIONET\SRC\RELEASE\NEURON.CPP.NATIVECODEANALYSIS.XML
C:\USERS\TOM\DOCUMENTS\RESEARCH\OPENWORM\BIONET\SRC\RELEASE\NEURON.OBJ
C:\USERS\TOM\DOCUMENTS\RESEARCH\OPENWORM\BIONET\SRC\RELEASE\RANDOM.CPP.NATIVECODEANALYSIS.XML
C:\USERS\TOM\DOCUMENTS\RESEARCH\OPENWORM\BIONET\SRC\RELEASE\RANDOM.OBJ
C:\USERS\TOM\DOCUMENTS\RESEARCH\OPENWORM\BIONET\SRC\RELEASE\BEHAVIOR.CPP.NATIVECODEANALYSIS.XML
C:\USERS\TOM\DOCUMENTS\RESEARCH\OPENWORM\BIONET\SRC\RELEASE\BEHAVIOR.OBJ
C:\USERS\TOM\DOCUMENTS\RESEARCH\OPENWORM\BIONET\BIN\BIONET.EXE
C:\USERS\TOM\DOCUMENTS\RESEARCH\OPENWORM\BIONET\SRC\RELEASE\BIONET.PDB
C:\Users\Tom\Documents\research\OpenWorm\bionet\src\Release\behavior.obj
C:\Users\Tom\Documents\research\OpenWorm\bionet\src\Release\bionet.obj
C:\Users\Tom\Documents\research\OpenWorm\bionet\src\Release\fileio.obj
C:\Users\Tom\Documents\research\OpenWorm\bionet\src\Release\gettime.obj
C:\Users\Tom\Documents\research\OpenWorm\bionet\src\Release\network.obj
C:\Users\Tom\Documents\research\OpenWorm\bionet\src\Release\networkMorph.obj
C:\Users\Tom\Documents\research\OpenWorm\bionet\src\Release\neuron.obj
C:\Users\Tom\Documents\research\OpenWorm\bionet\src\Release\random.obj
C:\Users\Tom\Documents\research\OpenWorm\bionet\src\Release\cl.command.1.tlog
C:\Users\Tom\Documents\research\OpenWorm\bionet\src\Release\CL.read.1.tlog
C:\Users\Tom\Documents\research\OpenWorm\bionet\src\Release\CL.write.1.tlog
C:\Users\Tom\Documents\research\OpenWorm\bionet\src\Release\link-cvtres.read.1.tlog
C:\Users\Tom\Documents\research\OpenWorm\bionet\src\Release\link-cvtres.write.1.tlog
C:\Users\Tom\Documents\research\OpenWorm\bionet\src\Release\link-rc.read.1.tlog
C:\Users\Tom\Documents\research\OpenWorm\bionet\src\Release\link-rc.write.1.tlog
C:\Users\Tom\Documents\research\OpenWorm\bionet\src\Release\link.command.1.tlog
C:\Users\Tom\Documents\research\OpenWorm\bionet\src\Release\link.read.1.tlog
C:\Users\Tom\Documents\research\OpenWorm\bionet\src\Release\link.write.1.tlog
C:\Users\Tom\Documents\research\OpenWorm\bionet\src\Release\NativeCodeAnalysis.read.1.tlog
C:\Users\Tom\Documents\research\OpenWorm\bionet\src\Release\bionet.pdb
C:\Users\Tom\Documents\research\OpenWorm\bionet\src\Release\vc110.pdb
C:\Users\Tom\Documents\research\OpenWorm\bionet\src\Release\behavior.cpp.nativecodeanalysis.xml
C:\Users\Tom\Documents\research\OpenWorm\bionet\src\Release\bionet.cpp.nativecodeanalysis.xml
C:\Users\Tom\Documents\research\OpenWorm\bionet\src\Release\fileio.cpp.nativecodeanalysis.xml
C:\Users\Tom\Documents\research\OpenWorm\bionet\src\Release\gettime.cpp.nativecodeanalysis.xml
C:\Users\Tom\Documents\research\OpenWorm\bionet\src\Release\network.cpp.nativecodeanalysis.xml
C:\Users\Tom\Documents\research\OpenWorm\bionet\src\Release\networkMorph.cpp.nativecodeanalysis.xml
C:\Users\Tom\Documents\research\OpenWorm\bionet\src\Release\neuron.cpp.nativecodeanalysis.xml
C:\Users\Tom\Documents\research\OpenWorm\bionet\src\Release\random.cpp.nativecodeanalysis.xml
C:\Users\Tom\Documents\research\OpenWorm\bionet\src\Release\vc.nativecodeanalysis.all.xml
