Build started 9/25/2013 6:42:55 PM.
     1>Project "C:\Users\Tom\Documents\research\OpenWorm\bionet\src\bionet.vcxproj" on node 2 (Rebuild target(s)).
     1>_PrepareForClean:
         Deleting file "Release\bionet.lastbuildstate".
       InitializeBuildStatus:
         Creating "Release\bionet.unsuccessfulbuild" because "AlwaysCreate" was specified.
       ClCompile:
         C:\Program Files\Microsoft Visual Studio 11.0\VC\bin\CL.exe /c /I..\include\win32 /Zi /nologo /W3 /WX- /O2 /Oy- /D THREADS /D WIN32 /D NDEBUG /D _CONSOLE /D _CRT_SECURE_NO_WARNINGS /D _VC80_UPGRADE=0x0710 /D _MBCS /Gm- /EHsc /MT /GS /fp:precise /Zc:wchar_t /Zc:forScope /Fo"Release\\" /Fd"Release\vc110.pdb" /Gd /TP /analyze- /errorReport:prompt bionet.cpp networkMorph.cpp fileio.cpp gettime.cpp network.cpp neuron.cpp random.cpp behavior.cpp
         bionet.cpp
         networkMorph.cpp
         fileio.cpp
         gettime.cpp
         network.cpp
         neuron.cpp
         random.cpp
         behavior.cpp
         Generating Code...
     1>C:\Program Files\MSBuild\Microsoft.Cpp\v4.0\V110\Microsoft.CppBuild.targets(1137,5): warning MSB8012: TargetPath(C:\Users\Tom\Documents\research\OpenWorm\bionet\src\Release\bionet.exe) does not match the Linker's OutputFile property value (C:\Users\Tom\Documents\research\OpenWorm\bionet\bin\bionet.exe). This may cause your project to build incorrectly. To correct this, please make sure that $(OutDir), $(TargetName) and $(TargetExt) property values match the value specified in %(Link.OutputFile).
       Link:
         C:\Program Files\Microsoft Visual Studio 11.0\VC\bin\link.exe /ERRORREPORT:PROMPT /OUT:"..\bin\bionet.exe" /INCREMENTAL:NO /NOLOGO kernel32.lib user32.lib gdi32.lib winspool.lib comdlg32.lib advapi32.lib shell32.lib ole32.lib oleaut32.lib uuid.lib odbc32.lib odbccp32.lib /MANIFEST /MANIFESTUAC:"level='asInvoker' uiAccess='false'" /manifest:embed /DEBUG /PDB:"Release\bionet.pdb" /SUBSYSTEM:CONSOLE /OPT:REF /OPT:ICF /TLBID:1 /DYNAMICBASE:NO /IMPLIB:"Release\bionet.lib" /MACHINE:X86 /SAFESEH Release\bionet.obj
         Release\networkMorph.obj
         Release\fileio.obj
         Release\gettime.obj
         Release\network.obj
         Release\neuron.obj
         Release\random.obj
         Release\behavior.obj
         bionet.vcxproj -> C:\Users\Tom\Documents\research\OpenWorm\bionet\src\Release\bionet.exe
       FinalizeBuildStatus:
         Deleting file "Release\bionet.unsuccessfulbuild".
         Touching "Release\bionet.lastbuildstate".
     1>Done Building Project "C:\Users\Tom\Documents\research\OpenWorm\bionet\src\bionet.vcxproj" (Rebuild target(s)).

Build succeeded.

Time Elapsed 00:00:16.20
